Analysis & Synthesis report for KrakenProcessor
Tue Dec 04 23:25:09 2018
Quartus Prime Version 17.1.0 Build 590 10/25/2017 SJ Lite Edition


---------------------
; Table of Contents ;
---------------------
  1. Legal Notice
  2. Analysis & Synthesis Summary
  3. Analysis & Synthesis Settings
  4. Parallel Compilation
  5. Analysis & Synthesis Source Files Read
  6. Analysis & Synthesis Resource Usage Summary
  7. Analysis & Synthesis Resource Utilization by Entity
  8. General Register Statistics
  9. Multiplexer Restructuring Statistics (Restructuring Performed)
 10. Port Connectivity Checks: "Somador_16:P4"
 11. Post-Synthesis Netlist Statistics for Top Partition
 12. Elapsed Time Per Partition
 13. Analysis & Synthesis Messages



----------------
; Legal Notice ;
----------------
Copyright (C) 2017  Intel Corporation. All rights reserved.
Your use of Intel Corporation's design tools, logic functions 
and other software and tools, and its AMPP partner logic 
functions, and any output files from any of the foregoing 
(including device programming or simulation files), and any 
associated documentation or information are expressly subject 
to the terms and conditions of the Intel Program License 
Subscription Agreement, the Intel Quartus Prime License Agreement,
the Intel FPGA IP License Agreement, or other applicable license
agreement, including, without limitation, that your use is for
the sole purpose of programming logic devices manufactured by
Intel and sold by Intel or its authorized distributors.  Please
refer to the applicable agreement for further details.



+-------------------------------------------------------------------------------+
; Analysis & Synthesis Summary                                                  ;
+---------------------------------+---------------------------------------------+
; Analysis & Synthesis Status     ; Successful - Tue Dec 04 23:25:09 2018       ;
; Quartus Prime Version           ; 17.1.0 Build 590 10/25/2017 SJ Lite Edition ;
; Revision Name                   ; KrakenProcessor                             ;
; Top-level Entity Name           ; ULA_16                                      ;
; Family                          ; Cyclone V                                   ;
; Logic utilization (in ALMs)     ; N/A                                         ;
; Total registers                 ; 0                                           ;
; Total pins                      ; 52                                          ;
; Total virtual pins              ; 0                                           ;
; Total block memory bits         ; 0                                           ;
; Total DSP Blocks                ; 0                                           ;
; Total HSSI RX PCSs              ; 0                                           ;
; Total HSSI PMA RX Deserializers ; 0                                           ;
; Total HSSI TX PCSs              ; 0                                           ;
; Total HSSI PMA TX Serializers   ; 0                                           ;
; Total PLLs                      ; 0                                           ;
; Total DLLs                      ; 0                                           ;
+---------------------------------+---------------------------------------------+


+---------------------------------------------------------------------------------------------------------------------------+
; Analysis & Synthesis Settings                                                                                             ;
+---------------------------------------------------------------------------------+--------------------+--------------------+
; Option                                                                          ; Setting            ; Default Value      ;
+---------------------------------------------------------------------------------+--------------------+--------------------+
; Device                                                                          ; 5CGXFC7C7F23C8     ;                    ;
; Top-level entity name                                                           ; ULA_16             ; KrakenProcessor    ;
; Family name                                                                     ; Cyclone V          ; Cyclone V          ;
; Use smart compilation                                                           ; Off                ; Off                ;
; Enable parallel Assembler and TimeQuest Timing Analyzer during compilation      ; On                 ; On                 ;
; Enable compact report table                                                     ; Off                ; Off                ;
; Restructure Multiplexers                                                        ; Auto               ; Auto               ;
; MLAB Add Timing Constraints For Mixed-Port Feed-Through Mode Setting Don't Care ; Off                ; Off                ;
; Create Debugging Nodes for IP Cores                                             ; Off                ; Off                ;
; Preserve fewer node names                                                       ; On                 ; On                 ;
; Intel FPGA IP Evaluation Mode                                                   ; Enable             ; Enable             ;
; Verilog Version                                                                 ; Verilog_2001       ; Verilog_2001       ;
; VHDL Version                                                                    ; VHDL_1993          ; VHDL_1993          ;
; State Machine Processing                                                        ; Auto               ; Auto               ;
; Safe State Machine                                                              ; Off                ; Off                ;
; Extract Verilog State Machines                                                  ; On                 ; On                 ;
; Extract VHDL State Machines                                                     ; On                 ; On                 ;
; Ignore Verilog initial constructs                                               ; Off                ; Off                ;
; Iteration limit for constant Verilog loops                                      ; 5000               ; 5000               ;
; Iteration limit for non-constant Verilog loops                                  ; 250                ; 250                ;
; Add Pass-Through Logic to Inferred RAMs                                         ; On                 ; On                 ;
; Infer RAMs from Raw Logic                                                       ; On                 ; On                 ;
; Parallel Synthesis                                                              ; On                 ; On                 ;
; DSP Block Balancing                                                             ; Auto               ; Auto               ;
; NOT Gate Push-Back                                                              ; On                 ; On                 ;
; Power-Up Don't Care                                                             ; On                 ; On                 ;
; Remove Redundant Logic Cells                                                    ; Off                ; Off                ;
; Remove Duplicate Registers                                                      ; On                 ; On                 ;
; Ignore CARRY Buffers                                                            ; Off                ; Off                ;
; Ignore CASCADE Buffers                                                          ; Off                ; Off                ;
; Ignore GLOBAL Buffers                                                           ; Off                ; Off                ;
; Ignore ROW GLOBAL Buffers                                                       ; Off                ; Off                ;
; Ignore LCELL Buffers                                                            ; Off                ; Off                ;
; Ignore SOFT Buffers                                                             ; On                 ; On                 ;
; Limit AHDL Integers to 32 Bits                                                  ; Off                ; Off                ;
; Optimization Technique                                                          ; Balanced           ; Balanced           ;
; Carry Chain Length                                                              ; 70                 ; 70                 ;
; Auto Carry Chains                                                               ; On                 ; On                 ;
; Auto Open-Drain Pins                                                            ; On                 ; On                 ;
; Perform WYSIWYG Primitive Resynthesis                                           ; Off                ; Off                ;
; Auto ROM Replacement                                                            ; On                 ; On                 ;
; Auto RAM Replacement                                                            ; On                 ; On                 ;
; Auto DSP Block Replacement                                                      ; On                 ; On                 ;
; Auto Shift Register Replacement                                                 ; Auto               ; Auto               ;
; Allow Shift Register Merging across Hierarchies                                 ; Auto               ; Auto               ;
; Auto Clock Enable Replacement                                                   ; On                 ; On                 ;
; Strict RAM Replacement                                                          ; Off                ; Off                ;
; Allow Synchronous Control Signals                                               ; On                 ; On                 ;
; Force Use of Synchronous Clear Signals                                          ; Off                ; Off                ;
; Auto Resource Sharing                                                           ; Off                ; Off                ;
; Allow Any RAM Size For Recognition                                              ; Off                ; Off                ;
; Allow Any ROM Size For Recognition                                              ; Off                ; Off                ;
; Allow Any Shift Register Size For Recognition                                   ; Off                ; Off                ;
; Use LogicLock Constraints during Resource Balancing                             ; On                 ; On                 ;
; Ignore translate_off and synthesis_off directives                               ; Off                ; Off                ;
; Timing-Driven Synthesis                                                         ; On                 ; On                 ;
; Report Parameter Settings                                                       ; On                 ; On                 ;
; Report Source Assignments                                                       ; On                 ; On                 ;
; Report Connectivity Checks                                                      ; On                 ; On                 ;
; Ignore Maximum Fan-Out Assignments                                              ; Off                ; Off                ;
; Synchronization Register Chain Length                                           ; 3                  ; 3                  ;
; Power Optimization During Synthesis                                             ; Normal compilation ; Normal compilation ;
; HDL message level                                                               ; Level2             ; Level2             ;
; Suppress Register Optimization Related Messages                                 ; Off                ; Off                ;
; Number of Removed Registers Reported in Synthesis Report                        ; 5000               ; 5000               ;
; Number of Swept Nodes Reported in Synthesis Report                              ; 5000               ; 5000               ;
; Number of Inverted Registers Reported in Synthesis Report                       ; 100                ; 100                ;
; Clock MUX Protection                                                            ; On                 ; On                 ;
; Auto Gated Clock Conversion                                                     ; Off                ; Off                ;
; Block Design Naming                                                             ; Auto               ; Auto               ;
; SDC constraint protection                                                       ; Off                ; Off                ;
; Synthesis Effort                                                                ; Auto               ; Auto               ;
; Shift Register Replacement - Allow Asynchronous Clear Signal                    ; On                 ; On                 ;
; Pre-Mapping Resynthesis Optimization                                            ; Off                ; Off                ;
; Analysis & Synthesis Message Level                                              ; Medium             ; Medium             ;
; Disable Register Merging Across Hierarchies                                     ; Auto               ; Auto               ;
; Resource Aware Inference For Block RAM                                          ; On                 ; On                 ;
; Automatic Parallel Synthesis                                                    ; On                 ; On                 ;
; Partial Reconfiguration Bitstream ID                                            ; Off                ; Off                ;
+---------------------------------------------------------------------------------+--------------------+--------------------+


+------------------------------------------+
; Parallel Compilation                     ;
+----------------------------+-------------+
; Processors                 ; Number      ;
+----------------------------+-------------+
; Number detected on machine ; 4           ;
; Maximum allowed            ; 2           ;
;                            ;             ;
; Average used               ; 1.00        ;
; Maximum used               ; 1           ;
;                            ;             ;
; Usage by Processor         ; % Time Used ;
;     Processor 1            ; 100.0%      ;
+----------------------------+-------------+


+---------------------------------------------------------------------------------------------------------------------------------------------------------+
; Analysis & Synthesis Source Files Read                                                                                                                  ;
+----------------------------------+-----------------+-----------------+------------------------------------------------------------------------+---------+
; File Name with User-Entered Path ; Used in Netlist ; File Type       ; File Name with Absolute Path                                           ; Library ;
+----------------------------------+-----------------+-----------------+------------------------------------------------------------------------+---------+
; Xor_16.vhd                       ; yes             ; User VHDL File  ; C:/Github/KrakenProcessor_AOC_2018.2_Ewelly_Debora/Xor_16.vhd          ;         ;
; And_16.vhd                       ; yes             ; User VHDL File  ; C:/Github/KrakenProcessor_AOC_2018.2_Ewelly_Debora/And_16.vhd          ;         ;
; ULA_16.vhd                       ; yes             ; User VHDL File  ; C:/Github/KrakenProcessor_AOC_2018.2_Ewelly_Debora/ULA_16.vhd          ;         ;
; Somador_16.vhd                   ; yes             ; User VHDL File  ; C:/Github/KrakenProcessor_AOC_2018.2_Ewelly_Debora/Somador_16.vhd      ;         ;
; RigthShift_2_16.vhd              ; yes             ; User VHDL File  ; C:/Github/KrakenProcessor_AOC_2018.2_Ewelly_Debora/RigthShift_2_16.vhd ;         ;
; Or_16.vhd                        ; yes             ; User VHDL File  ; C:/Github/KrakenProcessor_AOC_2018.2_Ewelly_Debora/Or_16.vhd           ;         ;
; Not_16.vhd                       ; yes             ; User VHDL File  ; C:/Github/KrakenProcessor_AOC_2018.2_Ewelly_Debora/Not_16.vhd          ;         ;
; Multiplexer3_8.vhd               ; yes             ; User VHDL File  ; C:/Github/KrakenProcessor_AOC_2018.2_Ewelly_Debora/Multiplexer3_8.vhd  ;         ;
; LeftShift_2_16.vhd               ; yes             ; User VHDL File  ; C:/Github/KrakenProcessor_AOC_2018.2_Ewelly_Debora/LeftShift_2_16.vhd  ;         ;
; Comparador.vhd                   ; yes             ; User VHDL File  ; C:/Github/KrakenProcessor_AOC_2018.2_Ewelly_Debora/Comparador.vhd      ;         ;
; BoothMultiplier.vhd              ; yes             ; User VHDL File  ; C:/Github/KrakenProcessor_AOC_2018.2_Ewelly_Debora/BoothMultiplier.vhd ;         ;
+----------------------------------+-----------------+-----------------+------------------------------------------------------------------------+---------+


+---------------------------------------------------------------+
; Analysis & Synthesis Resource Usage Summary                   ;
+---------------------------------------------+-----------------+
; Resource                                    ; Usage           ;
+---------------------------------------------+-----------------+
; Estimate of Logic utilization (ALMs needed) ; 159             ;
;                                             ;                 ;
; Combinational ALUT usage for logic          ; 287             ;
;     -- 7 input functions                    ; 2               ;
;     -- 6 input functions                    ; 28              ;
;     -- 5 input functions                    ; 168             ;
;     -- 4 input functions                    ; 36              ;
;     -- <=3 input functions                  ; 53              ;
;                                             ;                 ;
; Dedicated logic registers                   ; 0               ;
;                                             ;                 ;
; I/O pins                                    ; 52              ;
;                                             ;                 ;
; Total DSP Blocks                            ; 0               ;
;                                             ;                 ;
; Maximum fan-out node                        ; opcode[0]~input ;
; Maximum fan-out                             ; 65              ;
; Total fan-out                               ; 1469            ;
; Average fan-out                             ; 3.76            ;
+---------------------------------------------+-----------------+


+---------------------------------------------------------------------------------------------------------------------------------------------------------------------------------------------------+
; Analysis & Synthesis Resource Utilization by Entity                                                                                                                                               ;
+----------------------------+---------------------+---------------------------+-------------------+------------+------+--------------+----------------------------+-----------------+--------------+
; Compilation Hierarchy Node ; Combinational ALUTs ; Dedicated Logic Registers ; Block Memory Bits ; DSP Blocks ; Pins ; Virtual Pins ; Full Hierarchy Name        ; Entity Name     ; Library Name ;
+----------------------------+---------------------+---------------------------+-------------------+------------+------+--------------+----------------------------+-----------------+--------------+
; |ULA_16                    ; 287 (0)             ; 0 (0)                     ; 0                 ; 0          ; 52   ; 0            ; |ULA_16                    ; ULA_16          ; work         ;
;    |BoothMultiplier:P8|    ; 173 (173)           ; 0 (0)                     ; 0                 ; 0          ; 0    ; 0            ; |ULA_16|BoothMultiplier:P8 ; BoothMultiplier ; work         ;
;    |Comparador:P5|         ; 8 (8)               ; 0 (0)                     ; 0                 ; 0          ; 0    ; 0            ; |ULA_16|Comparador:P5      ; Comparador      ; work         ;
;    |Multiplexer3_8:P9|     ; 93 (93)             ; 0 (0)                     ; 0                 ; 0          ; 0    ; 0            ; |ULA_16|Multiplexer3_8:P9  ; Multiplexer3_8  ; work         ;
;    |Somador_16:P4|         ; 13 (13)             ; 0 (0)                     ; 0                 ; 0          ; 0    ; 0            ; |ULA_16|Somador_16:P4      ; Somador_16      ; work         ;
+----------------------------+---------------------+---------------------------+-------------------+------------+------+--------------+----------------------------+-----------------+--------------+
Note: For table entries with two numbers listed, the numbers in parentheses indicate the number of resources of the given type used by the specific entity alone. The numbers listed outside of parentheses indicate the total resources of the given type used by the specific entity and all of its sub-entities in the hierarchy.


+------------------------------------------------------+
; General Register Statistics                          ;
+----------------------------------------------+-------+
; Statistic                                    ; Value ;
+----------------------------------------------+-------+
; Total registers                              ; 0     ;
; Number of registers using Synchronous Clear  ; 0     ;
; Number of registers using Synchronous Load   ; 0     ;
; Number of registers using Asynchronous Clear ; 0     ;
; Number of registers using Asynchronous Load  ; 0     ;
; Number of registers using Clock Enable       ; 0     ;
; Number of registers using Preset             ; 0     ;
+----------------------------------------------+-------+


+--------------------------------------------------------------------------------------------------------------------------------------------+
; Multiplexer Restructuring Statistics (Restructuring Performed)                                                                             ;
+--------------------+-----------+---------------+----------------------+------------------------+------------+------------------------------+
; Multiplexer Inputs ; Bus Width ; Baseline Area ; Area if Restructured ; Saving if Restructured ; Registered ; Example Multiplexer Output   ;
+--------------------+-----------+---------------+----------------------+------------------------+------------+------------------------------+
; 3:1                ; 7 bits    ; 14 LEs        ; 14 LEs               ; 0 LEs                  ; No         ; |ULA_16|BoothMultiplier:P8|P ;
; 3:1                ; 7 bits    ; 14 LEs        ; 14 LEs               ; 0 LEs                  ; No         ; |ULA_16|BoothMultiplier:P8|P ;
; 3:1                ; 7 bits    ; 14 LEs        ; 14 LEs               ; 0 LEs                  ; No         ; |ULA_16|BoothMultiplier:P8|P ;
; 3:1                ; 7 bits    ; 14 LEs        ; 14 LEs               ; 0 LEs                  ; No         ; |ULA_16|BoothMultiplier:P8|P ;
; 3:1                ; 7 bits    ; 14 LEs        ; 14 LEs               ; 0 LEs                  ; No         ; |ULA_16|BoothMultiplier:P8|P ;
; 3:1                ; 7 bits    ; 14 LEs        ; 14 LEs               ; 0 LEs                  ; No         ; |ULA_16|BoothMultiplier:P8|P ;
+--------------------+-----------+---------------+----------------------+------------------------+------------+------------------------------+


+----------------------------------------------------------------------------------------------------------------+
; Port Connectivity Checks: "Somador_16:P4"                                                                      ;
+------+--------+----------+-------------------------------------------------------------------------------------+
; Port ; Type   ; Severity ; Details                                                                             ;
+------+--------+----------+-------------------------------------------------------------------------------------+
; cout ; Output ; Info     ; Connected to dangling logic. Logic that only feeds a dangling port will be removed. ;
+------+--------+----------+-------------------------------------------------------------------------------------+


+-----------------------------------------------------+
; Post-Synthesis Netlist Statistics for Top Partition ;
+-----------------------+-----------------------------+
; Type                  ; Count                       ;
+-----------------------+-----------------------------+
; arriav_lcell_comb     ; 287                         ;
;     arith             ; 120                         ;
;         1 data inputs ; 8                           ;
;         2 data inputs ; 1                           ;
;         3 data inputs ; 15                          ;
;         5 data inputs ; 96                          ;
;     extend            ; 2                           ;
;         7 data inputs ; 2                           ;
;     normal            ; 165                         ;
;         2 data inputs ; 12                          ;
;         3 data inputs ; 17                          ;
;         4 data inputs ; 36                          ;
;         5 data inputs ; 72                          ;
;         6 data inputs ; 28                          ;
; boundary_port         ; 52                          ;
;                       ;                             ;
; Max LUT depth         ; 17.40                       ;
; Average LUT depth     ; 14.15                       ;
+-----------------------+-----------------------------+


+-------------------------------+
; Elapsed Time Per Partition    ;
+----------------+--------------+
; Partition Name ; Elapsed Time ;
+----------------+--------------+
; Top            ; 00:00:02     ;
+----------------+--------------+


+-------------------------------+
; Analysis & Synthesis Messages ;
+-------------------------------+
Info: *******************************************************************
Info: Running Quartus Prime Analysis & Synthesis
    Info: Version 17.1.0 Build 590 10/25/2017 SJ Lite Edition
    Info: Processing started: Tue Dec 04 23:24:43 2018
Info: Command: quartus_map --read_settings_files=on --write_settings_files=off KrakenProcessor -c KrakenProcessor
Warning (18236): Number of processors has not been specified which may cause overloading on shared machines.  Set the global assignment NUM_PARALLEL_PROCESSORS in your QSF to an appropriate value for best performance.
Info (20030): Parallel compilation is enabled and will use 2 of the 2 processors detected
Info (12021): Found 2 design units, including 1 entities, in source file krakenprocessor.vhd
    Info (12022): Found design unit 1: KrakenProcessor-kraken File: C:/Github/KrakenProcessor_AOC_2018.2_Ewelly_Debora/KrakenProcessor.vhd Line: 12
    Info (12023): Found entity 1: KrakenProcessor File: C:/Github/KrakenProcessor_AOC_2018.2_Ewelly_Debora/KrakenProcessor.vhd Line: 4
Info (12021): Found 2 design units, including 1 entities, in source file xor_16.vhd
    Info (12022): Found design unit 1: Xor_16-kraken File: C:/Github/KrakenProcessor_AOC_2018.2_Ewelly_Debora/Xor_16.vhd Line: 11
    Info (12023): Found entity 1: Xor_16 File: C:/Github/KrakenProcessor_AOC_2018.2_Ewelly_Debora/Xor_16.vhd Line: 4
Info (12021): Found 2 design units, including 1 entities, in source file and_16.vhd
    Info (12022): Found design unit 1: And_16-kraken File: C:/Github/KrakenProcessor_AOC_2018.2_Ewelly_Debora/And_16.vhd Line: 11
    Info (12023): Found entity 1: And_16 File: C:/Github/KrakenProcessor_AOC_2018.2_Ewelly_Debora/And_16.vhd Line: 4
Info (12021): Found 2 design units, including 1 entities, in source file ula_16.vhd
    Info (12022): Found design unit 1: ULA_16-kraken File: C:/Github/KrakenProcessor_AOC_2018.2_Ewelly_Debora/ULA_16.vhd Line: 13
    Info (12023): Found entity 1: ULA_16 File: C:/Github/KrakenProcessor_AOC_2018.2_Ewelly_Debora/ULA_16.vhd Line: 4
Info (12021): Found 2 design units, including 1 entities, in source file somador_16.vhd
    Info (12022): Found design unit 1: Somador_16-kraken File: C:/Github/KrakenProcessor_AOC_2018.2_Ewelly_Debora/Somador_16.vhd Line: 14
    Info (12023): Found entity 1: Somador_16 File: C:/Github/KrakenProcessor_AOC_2018.2_Ewelly_Debora/Somador_16.vhd Line: 4
Info (12021): Found 2 design units, including 1 entities, in source file rigthshift_2_16.vhd
    Info (12022): Found design unit 1: RigthShift_2_16-kraken File: C:/Github/KrakenProcessor_AOC_2018.2_Ewelly_Debora/RigthShift_2_16.vhd Line: 11
    Info (12023): Found entity 1: RigthShift_2_16 File: C:/Github/KrakenProcessor_AOC_2018.2_Ewelly_Debora/RigthShift_2_16.vhd Line: 5
Info (12021): Found 2 design units, including 1 entities, in source file or_16.vhd
    Info (12022): Found design unit 1: Or_16-kraken File: C:/Github/KrakenProcessor_AOC_2018.2_Ewelly_Debora/Or_16.vhd Line: 11
    Info (12023): Found entity 1: Or_16 File: C:/Github/KrakenProcessor_AOC_2018.2_Ewelly_Debora/Or_16.vhd Line: 4
Info (12021): Found 2 design units, including 1 entities, in source file not_16.vhd
    Info (12022): Found design unit 1: Not_16-kraken File: C:/Github/KrakenProcessor_AOC_2018.2_Ewelly_Debora/Not_16.vhd Line: 11
    Info (12023): Found entity 1: Not_16 File: C:/Github/KrakenProcessor_AOC_2018.2_Ewelly_Debora/Not_16.vhd Line: 4
Info (12021): Found 2 design units, including 1 entities, in source file multiplexer3_8.vhd
    Info (12022): Found design unit 1: Multiplexer3_8-kraken File: C:/Github/KrakenProcessor_AOC_2018.2_Ewelly_Debora/Multiplexer3_8.vhd Line: 11
    Info (12023): Found entity 1: Multiplexer3_8 File: C:/Github/KrakenProcessor_AOC_2018.2_Ewelly_Debora/Multiplexer3_8.vhd Line: 4
Info (12021): Found 2 design units, including 1 entities, in source file leftshift_2_16.vhd
    Info (12022): Found design unit 1: LeftShift_2_16-kraken File: C:/Github/KrakenProcessor_AOC_2018.2_Ewelly_Debora/LeftShift_2_16.vhd Line: 11
    Info (12023): Found entity 1: LeftShift_2_16 File: C:/Github/KrakenProcessor_AOC_2018.2_Ewelly_Debora/LeftShift_2_16.vhd Line: 5
Info (12021): Found 2 design units, including 1 entities, in source file comparador.vhd
    Info (12022): Found design unit 1: Comparador-kraken File: C:/Github/KrakenProcessor_AOC_2018.2_Ewelly_Debora/Comparador.vhd Line: 11
    Info (12023): Found entity 1: Comparador File: C:/Github/KrakenProcessor_AOC_2018.2_Ewelly_Debora/Comparador.vhd Line: 4
Info (12021): Found 2 design units, including 1 entities, in source file count_pc.vhd
    Info (12022): Found design unit 1: Count_PC-kraken File: C:/Github/KrakenProcessor_AOC_2018.2_Ewelly_Debora/Count_PC.vhd Line: 14
    Info (12023): Found entity 1: Count_PC File: C:/Github/KrakenProcessor_AOC_2018.2_Ewelly_Debora/Count_PC.vhd Line: 5
Info (12021): Found 2 design units, including 1 entities, in source file rom_16.vhd
    Info (12022): Found design unit 1: ROM_16-kraken File: C:/Github/KrakenProcessor_AOC_2018.2_Ewelly_Debora/ROM_16.vhd Line: 12
    Info (12023): Found entity 1: ROM_16 File: C:/Github/KrakenProcessor_AOC_2018.2_Ewelly_Debora/ROM_16.vhd Line: 5
Info (12021): Found 2 design units, including 1 entities, in source file regbank16.vhd
    Info (12022): Found design unit 1: REGBANK16-kraken File: C:/Github/KrakenProcessor_AOC_2018.2_Ewelly_Debora/REGBANK16.vhd Line: 22
    Info (12023): Found entity 1: REGBANK16 File: C:/Github/KrakenProcessor_AOC_2018.2_Ewelly_Debora/REGBANK16.vhd Line: 9
Info (12021): Found 2 design units, including 1 entities, in source file d_flipflop.vhd
    Info (12022): Found design unit 1: D_FLIPFLOP-kraken File: C:/Github/KrakenProcessor_AOC_2018.2_Ewelly_Debora/D_FLIPFLOP.vhd Line: 14
    Info (12023): Found entity 1: D_FLIPFLOP File: C:/Github/KrakenProcessor_AOC_2018.2_Ewelly_Debora/D_FLIPFLOP.vhd Line: 4
Info (12021): Found 2 design units, including 1 entities, in source file extender4to16.vhd
    Info (12022): Found design unit 1: Extender4to16-kraken File: C:/Github/KrakenProcessor_AOC_2018.2_Ewelly_Debora/Extender4to16.vhd Line: 11
    Info (12023): Found entity 1: Extender4to16 File: C:/Github/KrakenProcessor_AOC_2018.2_Ewelly_Debora/Extender4to16.vhd Line: 5
Info (12021): Found 2 design units, including 1 entities, in source file ram_16.vhd
    Info (12022): Found design unit 1: RAM_16-kraken File: C:/Github/KrakenProcessor_AOC_2018.2_Ewelly_Debora/RAM_16.vhd Line: 14
    Info (12023): Found entity 1: RAM_16 File: C:/Github/KrakenProcessor_AOC_2018.2_Ewelly_Debora/RAM_16.vhd Line: 5
Info (12021): Found 2 design units, including 1 entities, in source file boothmultiplier.vhd
    Info (12022): Found design unit 1: BoothMultiplier-kraken File: C:/Github/KrakenProcessor_AOC_2018.2_Ewelly_Debora/BoothMultiplier.vhd Line: 13
    Info (12023): Found entity 1: BoothMultiplier File: C:/Github/KrakenProcessor_AOC_2018.2_Ewelly_Debora/BoothMultiplier.vhd Line: 6
Info (12021): Found 2 design units, including 1 entities, in source file unidade_de_controle.vhd
    Info (12022): Found design unit 1: Unidade_de_controle-kraken File: C:/Github/KrakenProcessor_AOC_2018.2_Ewelly_Debora/Unidade_de_controle.vhd Line: 13
    Info (12023): Found entity 1: Unidade_de_controle File: C:/Github/KrakenProcessor_AOC_2018.2_Ewelly_Debora/Unidade_de_controle.vhd Line: 4
Info (12127): Elaborating entity "ULA_16" for the top level hierarchy
Warning (10036): Verilog HDL or VHDL warning at ULA_16.vhd(80): object "cout" assigned a value but never read File: C:/Github/KrakenProcessor_AOC_2018.2_Ewelly_Debora/ULA_16.vhd Line: 80
Warning (10492): VHDL Process Statement warning at ULA_16.vhd(96): signal "negate" is read inside the Process Statement but isn't in the Process Statement's sensitivity list File: C:/Github/KrakenProcessor_AOC_2018.2_Ewelly_Debora/ULA_16.vhd Line: 96
Warning (10492): VHDL Process Statement warning at ULA_16.vhd(99): signal "outputand" is read inside the Process Statement but isn't in the Process Statement's sensitivity list File: C:/Github/KrakenProcessor_AOC_2018.2_Ewelly_Debora/ULA_16.vhd Line: 99
Warning (10492): VHDL Process Statement warning at ULA_16.vhd(103): signal "outputor" is read inside the Process Statement but isn't in the Process Statement's sensitivity list File: C:/Github/KrakenProcessor_AOC_2018.2_Ewelly_Debora/ULA_16.vhd Line: 103
Warning (10492): VHDL Process Statement warning at ULA_16.vhd(107): signal "outputxor" is read inside the Process Statement but isn't in the Process Statement's sensitivity list File: C:/Github/KrakenProcessor_AOC_2018.2_Ewelly_Debora/ULA_16.vhd Line: 107
Warning (10492): VHDL Process Statement warning at ULA_16.vhd(112): signal "outputand" is read inside the Process Statement but isn't in the Process Statement's sensitivity list File: C:/Github/KrakenProcessor_AOC_2018.2_Ewelly_Debora/ULA_16.vhd Line: 112
Warning (10492): VHDL Process Statement warning at ULA_16.vhd(116): signal "outputor" is read inside the Process Statement but isn't in the Process Statement's sensitivity list File: C:/Github/KrakenProcessor_AOC_2018.2_Ewelly_Debora/ULA_16.vhd Line: 116
Warning (10492): VHDL Process Statement warning at ULA_16.vhd(120): signal "outputxor" is read inside the Process Statement but isn't in the Process Statement's sensitivity list File: C:/Github/KrakenProcessor_AOC_2018.2_Ewelly_Debora/ULA_16.vhd Line: 120
Info (12128): Elaborating entity "And_16" for hierarchy "And_16:P1" File: C:/Github/KrakenProcessor_AOC_2018.2_Ewelly_Debora/ULA_16.vhd Line: 89
Info (12128): Elaborating entity "Or_16" for hierarchy "Or_16:P2" File: C:/Github/KrakenProcessor_AOC_2018.2_Ewelly_Debora/ULA_16.vhd Line: 90
Info (12128): Elaborating entity "Xor_16" for hierarchy "Xor_16:P3" File: C:/Github/KrakenProcessor_AOC_2018.2_Ewelly_Debora/ULA_16.vhd Line: 91
Info (12128): Elaborating entity "Not_16" for hierarchy "Xor_16:P3|Not_16:Inv1" File: C:/Github/KrakenProcessor_AOC_2018.2_Ewelly_Debora/Xor_16.vhd Line: 41
Info (12128): Elaborating entity "Somador_16" for hierarchy "Somador_16:P4" File: C:/Github/KrakenProcessor_AOC_2018.2_Ewelly_Debora/ULA_16.vhd Line: 130
Info (12128): Elaborating entity "Comparador" for hierarchy "Comparador:P5" File: C:/Github/KrakenProcessor_AOC_2018.2_Ewelly_Debora/ULA_16.vhd Line: 134
Info (12128): Elaborating entity "LeftShift_2_16" for hierarchy "LeftShift_2_16:P6" File: C:/Github/KrakenProcessor_AOC_2018.2_Ewelly_Debora/ULA_16.vhd Line: 137
Info (12128): Elaborating entity "RigthShift_2_16" for hierarchy "RigthShift_2_16:P7" File: C:/Github/KrakenProcessor_AOC_2018.2_Ewelly_Debora/ULA_16.vhd Line: 140
Info (12128): Elaborating entity "BoothMultiplier" for hierarchy "BoothMultiplier:P8" File: C:/Github/KrakenProcessor_AOC_2018.2_Ewelly_Debora/ULA_16.vhd Line: 146
Info (12128): Elaborating entity "Multiplexer3_8" for hierarchy "Multiplexer3_8:P9" File: C:/Github/KrakenProcessor_AOC_2018.2_Ewelly_Debora/ULA_16.vhd Line: 148
Info (286030): Timing-Driven Synthesis is running
Info (16010): Generating hard_block partition "hard_block:auto_generated_inst"
    Info (16011): Adding 0 node(s), including 0 DDIO, 0 PLL, 0 transceiver and 0 LCELL
Info (21057): Implemented 339 device resources after synthesis - the final resource count might be different
    Info (21058): Implemented 36 input pins
    Info (21059): Implemented 16 output pins
    Info (21061): Implemented 287 logic cells
Info: Quartus Prime Analysis & Synthesis was successful. 0 errors, 9 warnings
    Info: Peak virtual memory: 4875 megabytes
    Info: Processing ended: Tue Dec 04 23:25:10 2018
    Info: Elapsed time: 00:00:27
    Info: Total CPU time (on all processors): 00:00:46


